Running: /opt/Xilinx/14.7/ISE_DS/ISE/bin/lin64/unwrapped/fuse -intstyle ise -incremental -lib unisims_ver -lib unimacro_ver -lib xilinxcorelib_ver -lib secureip -o /home/gaurav/IIT_KGP_COURSES/5th_Sem/COA_Lab/Assignment-3/cla_4bits_augmented/cla_4bits_augmented_TestBench_isim_beh.exe -prj /home/gaurav/IIT_KGP_COURSES/5th_Sem/COA_Lab/Assignment-3/cla_4bits_augmented/cla_4bits_augmented_TestBench_beh.prj work.cla_4bits_augmented_TestBench work.glbl 
ISim P.20131013 (signature 0xfbc00daa)
Number of CPUs detected in this system: 12
Turning on mult-threading, number of parallel sub-compilation jobs: 24 
Determining compilation order of HDL files
Analyzing Verilog file "/home/gaurav/IIT_KGP_COURSES/5th_Sem/COA_Lab/Assignment-3/cla_4bits_augmented/cla_4bits_augmented.v" into library work
Analyzing Verilog file "/home/gaurav/IIT_KGP_COURSES/5th_Sem/COA_Lab/Assignment-3/cla_4bits_augmented/cla_4bits_augmented_TestBench.v" into library work
Analyzing Verilog file "/opt/Xilinx/14.7/ISE_DS/ISE//verilog/src/glbl.v" into library work
Starting static elaboration
Completed static elaboration
Fuse Memory Usage: 82696 KB
Fuse CPU Usage: 330 ms
Compiling module cla_4bits_augmented
Compiling module cla_4bits_augmented_TestBench
Compiling module glbl
Time Resolution for simulation is 1ps.
Waiting for 1 sub-compilation(s) to finish...
Compiled 3 Verilog Units
Built simulation executable /home/gaurav/IIT_KGP_COURSES/5th_Sem/COA_Lab/Assignment-3/cla_4bits_augmented/cla_4bits_augmented_TestBench_isim_beh.exe
Fuse Memory Usage: 1691776 KB
Fuse CPU Usage: 340 ms
GCC CPU Usage: 150 ms
