ISim log file
Running: /home/gaurav/IIT_KGP_COURSES/5th_Sem/COA_Lab/Assignment-3/RCA_32bits/rca_32bits_TestBench_isim_beh.exe -intstyle ise -gui -tclbatch isim.cmd -wdb /home/gaurav/IIT_KGP_COURSES/5th_Sem/COA_Lab/Assignment-3/RCA_32bits/rca_32bits_TestBench_isim_beh.wdb 
ISim P.20131013 (signature 0xfbc00daa)
----------------------------------------------------------------------
INFO:Security:51 - The XILINXD_LICENSE_FILE environment variable is not set.
INFO:Security:53 - The LM_LICENSE_FILE environment variable is not set.
INFO:Security:68a - user is root, on host unknown.
WARNING:Security:43 - No license file was found in the standard Xilinx license directory.
WARNING:Security:44 - Since no license file was found,
       please run the Xilinx License Configuration Manager
       (xlcm or "Manage Xilinx Licenses")
       to assist in obtaining a license.
ERROR:Security:14 - No feature was available for 'ISIM'.

No such feature exists.
Feature:       ISIM
License path:  /root/.Xilinx/*.lic:/opt/Xilinx/14.7/ISE_DS/ISE//data/*.lic:/opt/Xilinx/14.7/ISE_DS/ISE//coregen/core_licenses/Xilinx.lic:/opt/Xilinx/14.7/ISE_DS/ISE//coregen/core_licenses/XilinxFree.lic:
FLEXnet Licensing error:-5,357
For further information, refer to the FLEXnet Licensing documentation,
available at "www.flexerasoftware.com".
----------------------------------------------------------------------
WARNING: A full ISim License cannot be checked out due to the issues listed above. Please use Xilinx License Configuration Manager to fix these issues in order to check out a full ISim license.
WARNING: ISim will run in Lite mode. Please refer to the ISim documentation for more information on the differences between the Lite and the Full version.
This is a Lite version of ISim.
Time resolution is 1 ps
# onerror resume
# wave add /
# run 1000 ns
Simulator is doing circuit initialization process.
Finished circuit initialization process.
input1 =       1117, input2 =     211132, carry_in = 0, sum =     212249, carry_out = 0
input1 =    1155123, input2 =   10000000, carry_in = 1, sum =   11155124, carry_out = 0
input1 =    1000000, input2 =    2000000, carry_in = 0, sum =    3000000, carry_out = 0
input1 =          1, input2 =          3, carry_in = 1, sum =          5, carry_out = 0
input1 = 4294967295, input2 =          1, carry_in = 0, sum =          0, carry_out = 1
# exit 0
