Running: /opt/Xilinx/14.7/ISE_DS/ISE/bin/lin64/unwrapped/fuse -intstyle ise -incremental -lib unisims_ver -lib unimacro_ver -lib xilinxcorelib_ver -lib secureip -o /home/gaurav/IIT_KGP_COURSES/5th_Sem/COA_Lab/Assignment-3/RCA_8bits/rca_8bits_TestBench_isim_beh.exe -prj /home/gaurav/IIT_KGP_COURSES/5th_Sem/COA_Lab/Assignment-3/RCA_8bits/rca_8bits_TestBench_beh.prj work.rca_8bits_TestBench work.glbl 
ISim P.20131013 (signature 0xfbc00daa)
Number of CPUs detected in this system: 12
Turning on mult-threading, number of parallel sub-compilation jobs: 24 
Determining compilation order of HDL files
Analyzing Verilog file "/home/gaurav/IIT_KGP_COURSES/5th_Sem/COA_Lab/Assignment-3/RCA_8bits/full_addr.v" into library work
Analyzing Verilog file "/home/gaurav/IIT_KGP_COURSES/5th_Sem/COA_Lab/Assignment-3/RCA_8bits/rca_8bits.v" into library work
Analyzing Verilog file "/home/gaurav/IIT_KGP_COURSES/5th_Sem/COA_Lab/Assignment-3/RCA_8bits/rca_8bits_TestBench.v" into library work
Analyzing Verilog file "/opt/Xilinx/14.7/ISE_DS/ISE//verilog/src/glbl.v" into library work
Starting static elaboration
Completed static elaboration
Fuse Memory Usage: 82684 KB
Fuse CPU Usage: 570 ms
Compiling module full_addr
Compiling module rca_8bits
Compiling module rca_8bits_TestBench
Compiling module glbl
Time Resolution for simulation is 1ps.
Compiled 4 Verilog Units
Built simulation executable /home/gaurav/IIT_KGP_COURSES/5th_Sem/COA_Lab/Assignment-3/RCA_8bits/rca_8bits_TestBench_isim_beh.exe
Fuse Memory Usage: 1691464 KB
Fuse CPU Usage: 590 ms
GCC CPU Usage: 250 ms
