ISim log file
Running: /home/gaurav/IIT_KGP_COURSES/5th_Sem/COA_Lab/Assignment-3/cla_16bits_LCU/cla_16bits_LCU_TestBench_isim_beh.exe -intstyle ise -gui -tclbatch isim.cmd -wdb /home/gaurav/IIT_KGP_COURSES/5th_Sem/COA_Lab/Assignment-3/cla_16bits_LCU/cla_16bits_LCU_TestBench_isim_beh.wdb 
ISim P.20131013 (signature 0xfbc00daa)
----------------------------------------------------------------------
INFO:Security:51 - The XILINXD_LICENSE_FILE environment variable is not set.
INFO:Security:53 - The LM_LICENSE_FILE environment variable is not set.
INFO:Security:68a - user is root, on host unknown.
WARNING:Security:43 - No license file was found in the standard Xilinx license directory.
WARNING:Security:44 - Since no license file was found,
       please run the Xilinx License Configuration Manager
       (xlcm or "Manage Xilinx Licenses")
       to assist in obtaining a license.
ERROR:Security:14 - No feature was available for 'ISIM'.

No such feature exists.
Feature:       ISIM
License path:  /root/.Xilinx/*.lic:/opt/Xilinx/14.7/ISE_DS/ISE//data/*.lic:/opt/Xilinx/14.7/ISE_DS/ISE//coregen/core_licenses/Xilinx.lic:/opt/Xilinx/14.7/ISE_DS/ISE//coregen/core_licenses/XilinxFree.lic:
FLEXnet Licensing error:-5,357
For further information, refer to the FLEXnet Licensing documentation,
available at "www.flexerasoftware.com".
----------------------------------------------------------------------
WARNING: A full ISim License cannot be checked out due to the issues listed above. Please use Xilinx License Configuration Manager to fix these issues in order to check out a full ISim license.
WARNING: ISim will run in Lite mode. Please refer to the ISim documentation for more information on the differences between the Lite and the Full version.
This is a Lite version of ISim.
Time resolution is 1 ps
# onerror resume
# wave add /
# run 1000 ns
Simulator is doing circuit initialization process.
Finished circuit initialization process.
input1 =     0, input2 =     0, Carry in = 0, sum =     x, Carry out = x, P = x, G = x
input1 =     0, input2 =     0, Carry in = 0, sum =     0, Carry out = 0, P = 0, G = 0
input1 =  3500, input2 =  6010, Carry in = 1, sum =     0, Carry out = 0, P = 0, G = 0
input1 =  3500, input2 =  6010, Carry in = 1, sum =  9511, Carry out = 0, P = 0, G = 0
input1 =  3000, input2 =  1040, Carry in = 0, sum =  9511, Carry out = 0, P = 0, G = 0
input1 =  3000, input2 =  1040, Carry in = 0, sum =  4040, Carry out = 0, P = 0, G = 0
input1 =   146, input2 =   244, Carry in = 0, sum =  4040, Carry out = 0, P = 0, G = 0
input1 =   146, input2 =   244, Carry in = 0, sum =   390, Carry out = 0, P = 0, G = 0
# exit 0
